<?xml version="1.0" encoding="UTF-8"?>
<!-- Generated by org.testng.reporters.JUnitReportReporter -->
<testsuite skipped="0" hostname="DESKTOP-U8UDBFC" name="testcases.LoginAndLogout" tests="2" failures="0" timestamp="2020-10-31T13:15:12 IST" time="27.612" errors="0">
  <testcase name="loginLogout" time="12.081" classname="testcases.LoginAndLogout"/>
  <system-out/>
  <testcase name="loginLogout" time="15.531" classname="testcases.LoginAndLogout"/>
  <system-out/>
</testsuite> <!-- testcases.LoginAndLogout -->
