<?xml version="1.0" encoding="UTF-8"?>
<!-- Generated by org.testng.reporters.JUnitReportReporter -->
<testsuite skipped="0" hostname="DESKTOP-U8UDBFC" name="testcases.RunLogin" tests="1" failures="0" timestamp="2020-11-01T09:48:25 IST" time="15.904" errors="0">
  <testcase name="runScenario" time="15.904" classname="testcases.RunLogin"/>
  <system-out/>
</testsuite> <!-- testcases.RunLogin -->
