<?xml version="1.0" encoding="UTF-8"?>
<!-- Generated by org.testng.reporters.JUnitReportReporter -->
<testsuite skipped="0" hostname="DESKTOP-U8UDBFC" name="testcases.LoginWithInvalidData" tests="1" failures="0" timestamp="2020-10-24T13:23:26 IST" time="32.268" errors="0">
  <testcase name="loginLogout" time="32.268" classname="testcases.LoginWithInvalidData"/>
  <system-out/>
</testsuite> <!-- testcases.LoginWithInvalidData -->
